<?xml version="1.0" encoding="UTF-8"?>
<testsuite name="com.mac.book.springboot.web.PostsApiControllerTest" tests="2" skipped="0" failures="0" errors="0" timestamp="2021-10-26T17:29:56" hostname="johyeong-uui-MacBook-Pro.local" time="0.333">
  <properties/>
  <testcase name="postsUp" classname="com.mac.book.springboot.web.PostsApiControllerTest" time="0.276"/>
  <testcase name="PostsUpdate" classname="com.mac.book.springboot.web.PostsApiControllerTest" time="0.055"/>
  <system-out><![CDATA[2021-10-27 02:29:56.054  INFO 33200 --- [    Test worker] .b.t.c.SpringBootTestContextBootstrapper : Neither @ContextConfiguration nor @ContextHierarchy found for test class [com.mac.book.springboot.web.PostsApiControllerTest], using SpringBootContextLoader
2021-10-27 02:29:56.055  INFO 33200 --- [    Test worker] o.s.t.c.support.AbstractContextLoader    : Could not detect default resource locations for test class [com.mac.book.springboot.web.PostsApiControllerTest]: no resource found for suffixes {-context.xml, Context.groovy}.
2021-10-27 02:29:56.055  INFO 33200 --- [    Test worker] t.c.s.AnnotationConfigContextLoaderUtils : Could not detect default configuration classes for test class [com.mac.book.springboot.web.PostsApiControllerTest]: PostsApiControllerTest does not declare any static, non-private, non-final, nested classes annotated with @Configuration.
2021-10-27 02:29:56.060  INFO 33200 --- [    Test worker] .b.t.c.SpringBootTestContextBootstrapper : Found @SpringBootConfiguration com.mac.book.springboot.Application for test class com.mac.book.springboot.web.PostsApiControllerTest
2021-10-27 02:29:56.061  INFO 33200 --- [    Test worker] .b.t.c.SpringBootTestContextBootstrapper : Loaded default TestExecutionListener class names from location [META-INF/spring.factories]: [org.springframework.security.test.context.support.WithSecurityContextTestExecutionListener, org.springframework.security.test.context.support.ReactorContextTestExecutionListener, org.springframework.boot.test.autoconfigure.restdocs.RestDocsTestExecutionListener, org.springframework.boot.test.autoconfigure.web.client.MockRestServiceServerResetTestExecutionListener, org.springframework.boot.test.autoconfigure.web.servlet.MockMvcPrintOnlyOnFailureTestExecutionListener, org.springframework.boot.test.autoconfigure.web.servlet.WebDriverTestExecutionListener, org.springframework.boot.test.mock.mockito.MockitoTestExecutionListener, org.springframework.boot.test.mock.mockito.ResetMocksTestExecutionListener, org.springframework.test.context.web.ServletTestExecutionListener, org.springframework.test.context.support.DirtiesContextBeforeModesTestExecutionListener, org.springframework.test.context.support.DependencyInjectionTestExecutionListener, org.springframework.test.context.support.DirtiesContextTestExecutionListener, org.springframework.test.context.transaction.TransactionalTestExecutionListener, org.springframework.test.context.jdbc.SqlScriptsTestExecutionListener]
2021-10-27 02:29:56.062  INFO 33200 --- [    Test worker] .b.t.c.SpringBootTestContextBootstrapper : Using TestExecutionListeners: [org.springframework.test.context.web.ServletTestExecutionListener@291cc072, org.springframework.test.context.support.DirtiesContextBeforeModesTestExecutionListener@3d670a5d, org.springframework.boot.test.mock.mockito.MockitoTestExecutionListener@20cd7537, org.springframework.boot.test.autoconfigure.SpringBootDependencyInjectionTestExecutionListener@4e339f2d, org.springframework.test.context.support.DirtiesContextTestExecutionListener@163d9c9, org.springframework.test.context.transaction.TransactionalTestExecutionListener@4530e5a, org.springframework.test.context.jdbc.SqlScriptsTestExecutionListener@4ffca72a, org.springframework.security.test.context.support.WithSecurityContextTestExecutionListener@1de4830f, org.springframework.security.test.context.support.ReactorContextTestExecutionListener@256bceb, org.springframework.boot.test.autoconfigure.restdocs.RestDocsTestExecutionListener@1eeb4325, org.springframework.boot.test.autoconfigure.web.client.MockRestServiceServerResetTestExecutionListener@34046225, org.springframework.boot.test.autoconfigure.web.servlet.MockMvcPrintOnlyOnFailureTestExecutionListener@dc17351, org.springframework.boot.test.autoconfigure.web.servlet.WebDriverTestExecutionListener@3ac737e6, org.springframework.boot.test.mock.mockito.ResetMocksTestExecutionListener@7ef1a9f0]
2021-10-27 02:29:56.077  INFO 33200 --- [    Test worker] o.a.c.c.C.[Tomcat].[localhost].[/]       : Initializing Spring TestDispatcherServlet ''
2021-10-27 02:29:56.077  INFO 33200 --- [    Test worker] o.s.t.web.servlet.TestDispatcherServlet  : Initializing Servlet ''
2021-10-27 02:29:56.081  INFO 33200 --- [    Test worker] o.s.t.web.servlet.TestDispatcherServlet  : Completed initialization in 4 ms
400문제!!!!!!!!!!!!!!!
Hibernate: insert into posts (created_date, modified_date, author, content, title) values (?, ?, ?, ?, ?)
Hibernate: select posts0_.id as id1_0_, posts0_.created_date as created_2_0_, posts0_.modified_date as modified3_0_, posts0_.author as author4_0_, posts0_.content as content5_0_, posts0_.title as title6_0_ from posts posts0_
Hibernate: select posts0_.id as id1_0_, posts0_.created_date as created_2_0_, posts0_.modified_date as modified3_0_, posts0_.author as author4_0_, posts0_.content as content5_0_, posts0_.title as title6_0_ from posts posts0_
Hibernate: delete from posts where id=?
2021-10-27 02:29:56.348  INFO 33200 --- [    Test worker] o.a.c.c.C.[Tomcat].[localhost].[/]       : Initializing Spring TestDispatcherServlet ''
2021-10-27 02:29:56.349  INFO 33200 --- [    Test worker] o.s.t.web.servlet.TestDispatcherServlet  : Initializing Servlet ''
2021-10-27 02:29:56.354  INFO 33200 --- [    Test worker] o.s.t.web.servlet.TestDispatcherServlet  : Completed initialization in 5 ms
Hibernate: insert into posts (created_date, modified_date, author, content, title) values (?, ?, ?, ?, ?)
Hibernate: select posts0_.id as id1_0_0_, posts0_.created_date as created_2_0_0_, posts0_.modified_date as modified3_0_0_, posts0_.author as author4_0_0_, posts0_.content as content5_0_0_, posts0_.title as title6_0_0_ from posts posts0_ where posts0_.id=?
Hibernate: update posts set created_date=?, modified_date=?, author=?, content=?, title=? where id=?
Hibernate: select posts0_.id as id1_0_, posts0_.created_date as created_2_0_, posts0_.modified_date as modified3_0_, posts0_.author as author4_0_, posts0_.content as content5_0_, posts0_.title as title6_0_ from posts posts0_
Hibernate: select posts0_.id as id1_0_, posts0_.created_date as created_2_0_, posts0_.modified_date as modified3_0_, posts0_.author as author4_0_, posts0_.content as content5_0_, posts0_.title as title6_0_ from posts posts0_
Hibernate: delete from posts where id=?
]]></system-out>
  <system-err><![CDATA[]]></system-err>
</testsuite>
