<?xml version="1.0" encoding="UTF-8"?>
<testsuite name="com.mac.book.springboot.web.HelloControllerTest" tests="2" skipped="0" failures="0" errors="0" timestamp="2021-10-26T17:29:47" hostname="johyeong-uui-MacBook-Pro.local" time="0.406">
  <properties/>
  <testcase name="helloDtoReturn" classname="com.mac.book.springboot.web.HelloControllerTest" time="0.395"/>
  <testcase name="hello" classname="com.mac.book.springboot.web.HelloControllerTest" time="0.009"/>
  <system-out><![CDATA[02:29:43.039 [Test worker] DEBUG org.springframework.test.context.junit4.SpringJUnit4ClassRunner - SpringJUnit4ClassRunner constructor called with [class com.mac.book.springboot.web.HelloControllerTest]
02:29:43.047 [Test worker] DEBUG org.springframework.test.context.BootstrapUtils - Instantiating CacheAwareContextLoaderDelegate from class [org.springframework.test.context.cache.DefaultCacheAwareContextLoaderDelegate]
02:29:43.059 [Test worker] DEBUG org.springframework.test.context.BootstrapUtils - Instantiating BootstrapContext using constructor [public org.springframework.test.context.support.DefaultBootstrapContext(java.lang.Class,org.springframework.test.context.CacheAwareContextLoaderDelegate)]
02:29:43.090 [Test worker] DEBUG org.springframework.test.context.BootstrapUtils - Instantiating TestContextBootstrapper for test class [com.mac.book.springboot.web.HelloControllerTest] from class [org.springframework.boot.test.autoconfigure.web.servlet.WebMvcTestContextBootstrapper]
02:29:43.115 [Test worker] INFO org.springframework.boot.test.autoconfigure.web.servlet.WebMvcTestContextBootstrapper - Neither @ContextConfiguration nor @ContextHierarchy found for test class [com.mac.book.springboot.web.HelloControllerTest], using SpringBootContextLoader
02:29:43.121 [Test worker] DEBUG org.springframework.test.context.support.AbstractContextLoader - Did not detect default resource location for test class [com.mac.book.springboot.web.HelloControllerTest]: class path resource [com/mac/book/springboot/web/HelloControllerTest-context.xml] does not exist
02:29:43.122 [Test worker] DEBUG org.springframework.test.context.support.AbstractContextLoader - Did not detect default resource location for test class [com.mac.book.springboot.web.HelloControllerTest]: class path resource [com/mac/book/springboot/web/HelloControllerTestContext.groovy] does not exist
02:29:43.124 [Test worker] INFO org.springframework.test.context.support.AbstractContextLoader - Could not detect default resource locations for test class [com.mac.book.springboot.web.HelloControllerTest]: no resource found for suffixes {-context.xml, Context.groovy}.
02:29:43.127 [Test worker] INFO org.springframework.test.context.support.AnnotationConfigContextLoaderUtils - Could not detect default configuration classes for test class [com.mac.book.springboot.web.HelloControllerTest]: HelloControllerTest does not declare any static, non-private, non-final, nested classes annotated with @Configuration.
02:29:43.238 [Test worker] DEBUG org.springframework.test.context.support.ActiveProfilesUtils - Could not find an 'annotation declaring class' for annotation type [org.springframework.test.context.ActiveProfiles] and class [com.mac.book.springboot.web.HelloControllerTest]
02:29:43.320 [Test worker] DEBUG org.springframework.context.annotation.ClassPathScanningCandidateComponentProvider - Identified candidate component class: file [/Users/johyungwoo/IdeaProjects/make-mac-web/build/classes/java/main/com/mac/book/springboot/Application.class]
02:29:43.321 [Test worker] INFO org.springframework.boot.test.context.SpringBootTestContextBootstrapper - Found @SpringBootConfiguration com.mac.book.springboot.Application for test class com.mac.book.springboot.web.HelloControllerTest
02:29:43.323 [Test worker] DEBUG org.springframework.boot.test.autoconfigure.web.servlet.WebMvcTestContextBootstrapper - @TestExecutionListeners is not present for class [com.mac.book.springboot.web.HelloControllerTest]: using defaults.
02:29:43.324 [Test worker] INFO org.springframework.boot.test.autoconfigure.web.servlet.WebMvcTestContextBootstrapper - Loaded default TestExecutionListener class names from location [META-INF/spring.factories]: [org.springframework.security.test.context.support.WithSecurityContextTestExecutionListener, org.springframework.security.test.context.support.ReactorContextTestExecutionListener, org.springframework.boot.test.autoconfigure.restdocs.RestDocsTestExecutionListener, org.springframework.boot.test.autoconfigure.web.client.MockRestServiceServerResetTestExecutionListener, org.springframework.boot.test.autoconfigure.web.servlet.MockMvcPrintOnlyOnFailureTestExecutionListener, org.springframework.boot.test.autoconfigure.web.servlet.WebDriverTestExecutionListener, org.springframework.boot.test.mock.mockito.MockitoTestExecutionListener, org.springframework.boot.test.mock.mockito.ResetMocksTestExecutionListener, org.springframework.test.context.web.ServletTestExecutionListener, org.springframework.test.context.support.DirtiesContextBeforeModesTestExecutionListener, org.springframework.test.context.support.DependencyInjectionTestExecutionListener, org.springframework.test.context.support.DirtiesContextTestExecutionListener, org.springframework.test.context.transaction.TransactionalTestExecutionListener, org.springframework.test.context.jdbc.SqlScriptsTestExecutionListener]
02:29:43.351 [Test worker] INFO org.springframework.boot.test.autoconfigure.web.servlet.WebMvcTestContextBootstrapper - Using TestExecutionListeners: [org.springframework.test.context.web.ServletTestExecutionListener@66ff4ce5, org.springframework.test.context.support.DirtiesContextBeforeModesTestExecutionListener@127ff089, org.springframework.boot.test.mock.mockito.MockitoTestExecutionListener@27cb202b, org.springframework.boot.test.autoconfigure.SpringBootDependencyInjectionTestExecutionListener@1b702190, org.springframework.test.context.support.DirtiesContextTestExecutionListener@774ce7f, org.springframework.test.context.transaction.TransactionalTestExecutionListener@6a628da0, org.springframework.test.context.jdbc.SqlScriptsTestExecutionListener@14d622bf, org.springframework.security.test.context.support.WithSecurityContextTestExecutionListener@eb0ed14, org.springframework.security.test.context.support.ReactorContextTestExecutionListener@2f16cd8b, org.springframework.boot.test.autoconfigure.restdocs.RestDocsTestExecutionListener@51e74a44, org.springframework.boot.test.autoconfigure.web.client.MockRestServiceServerResetTestExecutionListener@7401491d, org.springframework.boot.test.autoconfigure.web.servlet.MockMvcPrintOnlyOnFailureTestExecutionListener@7dd0c2c4, org.springframework.boot.test.autoconfigure.web.servlet.WebDriverTestExecutionListener@64333260, org.springframework.boot.test.mock.mockito.ResetMocksTestExecutionListener@f6de1c8]
02:29:43.353 [Test worker] DEBUG org.springframework.test.annotation.ProfileValueUtils - Retrieved @ProfileValueSourceConfiguration [null] for test class [com.mac.book.springboot.web.HelloControllerTest]
02:29:43.354 [Test worker] DEBUG org.springframework.test.annotation.ProfileValueUtils - Retrieved ProfileValueSource type [class org.springframework.test.annotation.SystemProfileValueSource] for class [com.mac.book.springboot.web.HelloControllerTest]
02:29:43.354 [Test worker] DEBUG org.springframework.test.annotation.ProfileValueUtils - Retrieved @ProfileValueSourceConfiguration [null] for test class [com.mac.book.springboot.web.HelloControllerTest]
02:29:43.355 [Test worker] DEBUG org.springframework.test.annotation.ProfileValueUtils - Retrieved ProfileValueSource type [class org.springframework.test.annotation.SystemProfileValueSource] for class [com.mac.book.springboot.web.HelloControllerTest]
02:29:43.365 [Test worker] DEBUG org.springframework.test.context.support.AbstractDirtiesContextTestExecutionListener - Before test class: context [DefaultTestContext@7bf8bf41 testClass = HelloControllerTest, testInstance = [null], testMethod = [null], testException = [null], mergedContextConfiguration = [WebMergedContextConfiguration@6e167a8d testClass = HelloControllerTest, locations = '{}', classes = '{class com.mac.book.springboot.Application}', contextInitializerClasses = '[]', activeProfiles = '{}', propertySourceLocations = '{}', propertySourceProperties = '{org.springframework.boot.test.autoconfigure.web.servlet.WebMvcTestContextBootstrapper=true}', contextCustomizers = set[org.springframework.boot.test.autoconfigure.OverrideAutoConfigurationContextCustomizerFactory$DisableAutoConfigurationContextCustomizer@4a929e53, org.springframework.boot.test.autoconfigure.filter.TypeExcludeFiltersContextCustomizer@d447bc26, org.springframework.boot.test.autoconfigure.properties.PropertyMappingContextCustomizer@d6004f3e, org.springframework.boot.test.autoconfigure.web.servlet.WebDriverContextCustomizerFactory$Customizer@3ccaa54d, [ImportsContextCustomizer@81b3d89 key = [org.springframework.boot.autoconfigure.cache.CacheAutoConfiguration, org.springframework.boot.autoconfigure.context.MessageSourceAutoConfiguration, org.springframework.boot.autoconfigure.data.web.SpringDataWebAutoConfiguration, org.springframework.boot.autoconfigure.freemarker.FreeMarkerAutoConfiguration, org.springframework.boot.autoconfigure.groovy.template.GroovyTemplateAutoConfiguration, org.springframework.boot.autoconfigure.gson.GsonAutoConfiguration, org.springframework.boot.autoconfigure.hateoas.HypermediaAutoConfiguration, org.springframework.boot.autoconfigure.http.HttpMessageConvertersAutoConfiguration, org.springframework.boot.autoconfigure.jackson.JacksonAutoConfiguration, org.springframework.boot.autoconfigure.jsonb.JsonbAutoConfiguration, org.springframework.boot.autoconfigure.mustache.MustacheAutoConfiguration, org.springframework.boot.autoconfigure.task.TaskExecutionAutoConfiguration, org.springframework.boot.autoconfigure.thymeleaf.ThymeleafAutoConfiguration, org.springframework.boot.autoconfigure.validation.ValidationAutoConfiguration, org.springframework.boot.autoconfigure.web.servlet.error.ErrorMvcAutoConfiguration, org.springframework.boot.autoconfigure.web.servlet.WebMvcAutoConfiguration, org.springframework.boot.test.autoconfigure.web.servlet.MockMvcAutoConfiguration, org.springframework.boot.test.autoconfigure.web.servlet.MockMvcSecurityAutoConfiguration, org.springframework.boot.test.autoconfigure.web.servlet.MockMvcWebClientAutoConfiguration, org.springframework.boot.test.autoconfigure.web.servlet.MockMvcWebDriverAutoConfiguration]], org.springframework.boot.test.context.filter.ExcludeFilterContextCustomizer@1b9d71d6, org.springframework.boot.test.json.DuplicateJsonObjectContextCustomizerFactory$DuplicateJsonObjectContextCustomizer@37eec365, org.springframework.boot.test.mock.mockito.MockitoContextCustomizer@0], resourceBasePath = 'src/main/webapp', contextLoader = 'org.springframework.boot.test.context.SpringBootContextLoader', parent = [null]], attributes = map[[empty]]], class annotated with @DirtiesContext [false] with mode [null].
02:29:43.365 [Test worker] DEBUG org.springframework.test.annotation.ProfileValueUtils - Retrieved @ProfileValueSourceConfiguration [null] for test class [com.mac.book.springboot.web.HelloControllerTest]
02:29:43.366 [Test worker] DEBUG org.springframework.test.annotation.ProfileValueUtils - Retrieved ProfileValueSource type [class org.springframework.test.annotation.SystemProfileValueSource] for class [com.mac.book.springboot.web.HelloControllerTest]
02:29:43.373 [Test worker] DEBUG org.springframework.test.context.support.DependencyInjectionTestExecutionListener - Performing dependency injection for test context [[DefaultTestContext@7bf8bf41 testClass = HelloControllerTest, testInstance = com.mac.book.springboot.web.HelloControllerTest@1f35b69a, testMethod = [null], testException = [null], mergedContextConfiguration = [WebMergedContextConfiguration@6e167a8d testClass = HelloControllerTest, locations = '{}', classes = '{class com.mac.book.springboot.Application}', contextInitializerClasses = '[]', activeProfiles = '{}', propertySourceLocations = '{}', propertySourceProperties = '{org.springframework.boot.test.autoconfigure.web.servlet.WebMvcTestContextBootstrapper=true}', contextCustomizers = set[org.springframework.boot.test.autoconfigure.OverrideAutoConfigurationContextCustomizerFactory$DisableAutoConfigurationContextCustomizer@4a929e53, org.springframework.boot.test.autoconfigure.filter.TypeExcludeFiltersContextCustomizer@d447bc26, org.springframework.boot.test.autoconfigure.properties.PropertyMappingContextCustomizer@d6004f3e, org.springframework.boot.test.autoconfigure.web.servlet.WebDriverContextCustomizerFactory$Customizer@3ccaa54d, [ImportsContextCustomizer@81b3d89 key = [org.springframework.boot.autoconfigure.cache.CacheAutoConfiguration, org.springframework.boot.autoconfigure.context.MessageSourceAutoConfiguration, org.springframework.boot.autoconfigure.data.web.SpringDataWebAutoConfiguration, org.springframework.boot.autoconfigure.freemarker.FreeMarkerAutoConfiguration, org.springframework.boot.autoconfigure.groovy.template.GroovyTemplateAutoConfiguration, org.springframework.boot.autoconfigure.gson.GsonAutoConfiguration, org.springframework.boot.autoconfigure.hateoas.HypermediaAutoConfiguration, org.springframework.boot.autoconfigure.http.HttpMessageConvertersAutoConfiguration, org.springframework.boot.autoconfigure.jackson.JacksonAutoConfiguration, org.springframework.boot.autoconfigure.jsonb.JsonbAutoConfiguration, org.springframework.boot.autoconfigure.mustache.MustacheAutoConfiguration, org.springframework.boot.autoconfigure.task.TaskExecutionAutoConfiguration, org.springframework.boot.autoconfigure.thymeleaf.ThymeleafAutoConfiguration, org.springframework.boot.autoconfigure.validation.ValidationAutoConfiguration, org.springframework.boot.autoconfigure.web.servlet.error.ErrorMvcAutoConfiguration, org.springframework.boot.autoconfigure.web.servlet.WebMvcAutoConfiguration, org.springframework.boot.test.autoconfigure.web.servlet.MockMvcAutoConfiguration, org.springframework.boot.test.autoconfigure.web.servlet.MockMvcSecurityAutoConfiguration, org.springframework.boot.test.autoconfigure.web.servlet.MockMvcWebClientAutoConfiguration, org.springframework.boot.test.autoconfigure.web.servlet.MockMvcWebDriverAutoConfiguration]], org.springframework.boot.test.context.filter.ExcludeFilterContextCustomizer@1b9d71d6, org.springframework.boot.test.json.DuplicateJsonObjectContextCustomizerFactory$DuplicateJsonObjectContextCustomizer@37eec365, org.springframework.boot.test.mock.mockito.MockitoContextCustomizer@0], resourceBasePath = 'src/main/webapp', contextLoader = 'org.springframework.boot.test.context.SpringBootContextLoader', parent = [null]], attributes = map[[empty]]]].
02:29:43.508 [Test worker] DEBUG org.springframework.test.context.support.TestPropertySourceUtils - Adding inlined properties to environment: {spring.jmx.enabled=false, org.springframework.boot.test.autoconfigure.web.servlet.WebMvcTestContextBootstrapper=true, server.port=-1}

  .   ____          _            __ _ _
 /\\ / ___'_ __ _ _(_)_ __  __ _ \ \ \ \
( ( )\___ | '_ | '_| | '_ \/ _` | \ \ \ \
 \\/  ___)| |_)| | | | | || (_| |  ) ) ) )
  '  |____| .__|_| |_|_| |_\__, | / / / /
 =========|_|==============|___/=/_/_/_/
 :: Spring Boot ::        (v2.1.7.RELEASE)

2021-10-27 02:29:43.889  INFO 33200 --- [    Test worker] c.m.b.s.web.HelloControllerTest          : Starting HelloControllerTest on johyeong-uui-MacBook-Pro.local with PID 33200 (started by johyungwoo in /Users/johyungwoo/IdeaProjects/make-mac-web)
2021-10-27 02:29:43.890  INFO 33200 --- [    Test worker] c.m.b.s.web.HelloControllerTest          : The following profiles are active: oauth
2021-10-27 02:29:46.126  INFO 33200 --- [    Test worker] o.s.s.concurrent.ThreadPoolTaskExecutor  : Initializing ExecutorService 'applicationTaskExecutor'
2021-10-27 02:29:46.385  INFO 33200 --- [    Test worker] o.s.b.a.w.s.WelcomePageHandlerMapping    : Adding welcome page template: index
2021-10-27 02:29:46.837  INFO 33200 --- [    Test worker] .s.s.UserDetailsServiceAutoConfiguration : 

Using generated security password: 39b3073b-2534-42e9-bdef-931bed118e18

2021-10-27 02:29:47.060  INFO 33200 --- [    Test worker] o.s.s.web.DefaultSecurityFilterChain     : Creating filter chain: any request, [org.springframework.security.web.context.request.async.WebAsyncManagerIntegrationFilter@1381c823, org.springframework.security.web.context.SecurityContextPersistenceFilter@19f53abf, org.springframework.security.web.header.HeaderWriterFilter@17b48589, org.springframework.security.web.csrf.CsrfFilter@3f642b50, org.springframework.security.web.authentication.logout.LogoutFilter@6260c9dd, org.springframework.security.web.authentication.UsernamePasswordAuthenticationFilter@3e0c2637, org.springframework.security.web.authentication.ui.DefaultLoginPageGeneratingFilter@180dbfff, org.springframework.security.web.authentication.ui.DefaultLogoutPageGeneratingFilter@174038e5, org.springframework.security.web.authentication.www.BasicAuthenticationFilter@4101c6f7, org.springframework.security.web.savedrequest.RequestCacheAwareFilter@789f85f3, org.springframework.security.web.servletapi.SecurityContextHolderAwareRequestFilter@296fb8e0, org.springframework.security.web.authentication.AnonymousAuthenticationFilter@3e8fdda0, org.springframework.security.web.session.SessionManagementFilter@57f6ea75, org.springframework.security.web.access.ExceptionTranslationFilter@19ebe10c, org.springframework.security.web.access.intercept.FilterSecurityInterceptor@1eaf28a4]
2021-10-27 02:29:47.113  INFO 33200 --- [    Test worker] o.s.b.t.m.w.SpringBootMockServletContext : Initializing Spring TestDispatcherServlet ''
2021-10-27 02:29:47.113  INFO 33200 --- [    Test worker] o.s.t.web.servlet.TestDispatcherServlet  : Initializing Servlet ''
2021-10-27 02:29:47.127  INFO 33200 --- [    Test worker] o.s.t.web.servlet.TestDispatcherServlet  : Completed initialization in 14 ms
2021-10-27 02:29:47.185  INFO 33200 --- [    Test worker] c.m.b.s.web.HelloControllerTest          : Started HelloControllerTest in 3.666 seconds (JVM running for 5.027)
]]></system-out>
  <system-err><![CDATA[]]></system-err>
</testsuite>
