<?xml version="1.0" encoding="UTF-8"?>
<testsuite name="com.mac.book.springboot.HelloControllerTest" tests="2" skipped="0" failures="0" errors="0" timestamp="2021-10-26T17:29:58" hostname="johyeong-uui-MacBook-Pro.local" time="0.035">
  <properties/>
  <testcase name="helloDtoReturn" classname="com.mac.book.springboot.HelloControllerTest" time="0.022"/>
  <testcase name="hello" classname="com.mac.book.springboot.HelloControllerTest" time="0.012"/>
  <system-out><![CDATA[2021-10-27 02:29:58.816  INFO 33200 --- [    Test worker] .b.t.a.w.s.WebMvcTestContextBootstrapper : Neither @ContextConfiguration nor @ContextHierarchy found for test class [com.mac.book.springboot.HelloControllerTest], using SpringBootContextLoader
2021-10-27 02:29:58.817  INFO 33200 --- [    Test worker] o.s.t.c.support.AbstractContextLoader    : Could not detect default resource locations for test class [com.mac.book.springboot.HelloControllerTest]: no resource found for suffixes {-context.xml, Context.groovy}.
2021-10-27 02:29:58.817  INFO 33200 --- [    Test worker] t.c.s.AnnotationConfigContextLoaderUtils : Could not detect default configuration classes for test class [com.mac.book.springboot.HelloControllerTest]: HelloControllerTest does not declare any static, non-private, non-final, nested classes annotated with @Configuration.
2021-10-27 02:29:58.826  INFO 33200 --- [    Test worker] .b.t.c.SpringBootTestContextBootstrapper : Found @SpringBootConfiguration com.mac.book.springboot.Application for test class com.mac.book.springboot.HelloControllerTest
2021-10-27 02:29:58.826  INFO 33200 --- [    Test worker] .b.t.a.w.s.WebMvcTestContextBootstrapper : Loaded default TestExecutionListener class names from location [META-INF/spring.factories]: [org.springframework.security.test.context.support.WithSecurityContextTestExecutionListener, org.springframework.security.test.context.support.ReactorContextTestExecutionListener, org.springframework.boot.test.autoconfigure.restdocs.RestDocsTestExecutionListener, org.springframework.boot.test.autoconfigure.web.client.MockRestServiceServerResetTestExecutionListener, org.springframework.boot.test.autoconfigure.web.servlet.MockMvcPrintOnlyOnFailureTestExecutionListener, org.springframework.boot.test.autoconfigure.web.servlet.WebDriverTestExecutionListener, org.springframework.boot.test.mock.mockito.MockitoTestExecutionListener, org.springframework.boot.test.mock.mockito.ResetMocksTestExecutionListener, org.springframework.test.context.web.ServletTestExecutionListener, org.springframework.test.context.support.DirtiesContextBeforeModesTestExecutionListener, org.springframework.test.context.support.DependencyInjectionTestExecutionListener, org.springframework.test.context.support.DirtiesContextTestExecutionListener, org.springframework.test.context.transaction.TransactionalTestExecutionListener, org.springframework.test.context.jdbc.SqlScriptsTestExecutionListener]
2021-10-27 02:29:58.832  INFO 33200 --- [    Test worker] .b.t.a.w.s.WebMvcTestContextBootstrapper : Using TestExecutionListeners: [org.springframework.test.context.web.ServletTestExecutionListener@2b1a6ba, org.springframework.test.context.support.DirtiesContextBeforeModesTestExecutionListener@76070653, org.springframework.boot.test.mock.mockito.MockitoTestExecutionListener@62cc933b, org.springframework.boot.test.autoconfigure.SpringBootDependencyInjectionTestExecutionListener@76608748, org.springframework.test.context.support.DirtiesContextTestExecutionListener@796b6b48, org.springframework.test.context.transaction.TransactionalTestExecutionListener@3790cfa8, org.springframework.test.context.jdbc.SqlScriptsTestExecutionListener@31c3c72a, org.springframework.security.test.context.support.WithSecurityContextTestExecutionListener@436b4c9d, org.springframework.security.test.context.support.ReactorContextTestExecutionListener@61785e93, org.springframework.boot.test.autoconfigure.restdocs.RestDocsTestExecutionListener@50a4309b, org.springframework.boot.test.autoconfigure.web.client.MockRestServiceServerResetTestExecutionListener@7ff15732, org.springframework.boot.test.autoconfigure.web.servlet.MockMvcPrintOnlyOnFailureTestExecutionListener@66e7e3f5, org.springframework.boot.test.autoconfigure.web.servlet.WebDriverTestExecutionListener@45c8b57c, org.springframework.boot.test.mock.mockito.ResetMocksTestExecutionListener@349975b6]
]]></system-out>
  <system-err><![CDATA[]]></system-err>
</testsuite>
