<?xml version="1.0" encoding="UTF-8"?>
<testsuite name="com.mac.book.springboot.web.indexControllerTest" tests="1" skipped="0" failures="0" errors="0" timestamp="2021-10-26T17:29:55" hostname="johyeong-uui-MacBook-Pro.local" time="0.456">
  <properties/>
  <testcase name="mainPageLoding" classname="com.mac.book.springboot.web.indexControllerTest" time="0.456"/>
  <system-out><![CDATA[2021-10-27 02:29:47.602  INFO 33200 --- [    Test worker] .b.t.c.SpringBootTestContextBootstrapper : Neither @ContextConfiguration nor @ContextHierarchy found for test class [com.mac.book.springboot.web.indexControllerTest], using SpringBootContextLoader
2021-10-27 02:29:47.603  INFO 33200 --- [    Test worker] o.s.t.c.support.AbstractContextLoader    : Could not detect default resource locations for test class [com.mac.book.springboot.web.indexControllerTest]: no resource found for suffixes {-context.xml, Context.groovy}.
2021-10-27 02:29:47.603  INFO 33200 --- [    Test worker] t.c.s.AnnotationConfigContextLoaderUtils : Could not detect default configuration classes for test class [com.mac.book.springboot.web.indexControllerTest]: indexControllerTest does not declare any static, non-private, non-final, nested classes annotated with @Configuration.
2021-10-27 02:29:47.606  INFO 33200 --- [    Test worker] .b.t.c.SpringBootTestContextBootstrapper : Found @SpringBootConfiguration com.mac.book.springboot.Application for test class com.mac.book.springboot.web.indexControllerTest
2021-10-27 02:29:47.608  INFO 33200 --- [    Test worker] .b.t.c.SpringBootTestContextBootstrapper : Loaded default TestExecutionListener class names from location [META-INF/spring.factories]: [org.springframework.security.test.context.support.WithSecurityContextTestExecutionListener, org.springframework.security.test.context.support.ReactorContextTestExecutionListener, org.springframework.boot.test.autoconfigure.restdocs.RestDocsTestExecutionListener, org.springframework.boot.test.autoconfigure.web.client.MockRestServiceServerResetTestExecutionListener, org.springframework.boot.test.autoconfigure.web.servlet.MockMvcPrintOnlyOnFailureTestExecutionListener, org.springframework.boot.test.autoconfigure.web.servlet.WebDriverTestExecutionListener, org.springframework.boot.test.mock.mockito.MockitoTestExecutionListener, org.springframework.boot.test.mock.mockito.ResetMocksTestExecutionListener, org.springframework.test.context.web.ServletTestExecutionListener, org.springframework.test.context.support.DirtiesContextBeforeModesTestExecutionListener, org.springframework.test.context.support.DependencyInjectionTestExecutionListener, org.springframework.test.context.support.DirtiesContextTestExecutionListener, org.springframework.test.context.transaction.TransactionalTestExecutionListener, org.springframework.test.context.jdbc.SqlScriptsTestExecutionListener]
2021-10-27 02:29:47.609  INFO 33200 --- [    Test worker] .b.t.c.SpringBootTestContextBootstrapper : Using TestExecutionListeners: [org.springframework.test.context.web.ServletTestExecutionListener@1bb9f4b1, org.springframework.test.context.support.DirtiesContextBeforeModesTestExecutionListener@5a0ff466, org.springframework.boot.test.mock.mockito.MockitoTestExecutionListener@13aa7f99, org.springframework.boot.test.autoconfigure.SpringBootDependencyInjectionTestExecutionListener@600f7043, org.springframework.test.context.support.DirtiesContextTestExecutionListener@34471c8f, org.springframework.test.context.transaction.TransactionalTestExecutionListener@114e72a5, org.springframework.test.context.jdbc.SqlScriptsTestExecutionListener@515881a2, org.springframework.security.test.context.support.WithSecurityContextTestExecutionListener@4ace7ea2, org.springframework.security.test.context.support.ReactorContextTestExecutionListener@4661a010, org.springframework.boot.test.autoconfigure.restdocs.RestDocsTestExecutionListener@24583923, org.springframework.boot.test.autoconfigure.web.client.MockRestServiceServerResetTestExecutionListener@3118f99b, org.springframework.boot.test.autoconfigure.web.servlet.MockMvcPrintOnlyOnFailureTestExecutionListener@89aaa74, org.springframework.boot.test.autoconfigure.web.servlet.WebDriverTestExecutionListener@4330fa57, org.springframework.boot.test.mock.mockito.ResetMocksTestExecutionListener@26444233]

  .   ____          _            __ _ _
 /\\ / ___'_ __ _ _(_)_ __  __ _ \ \ \ \
( ( )\___ | '_ | '_| | '_ \/ _` | \ \ \ \
 \\/  ___)| |_)| | | | | || (_| |  ) ) ) )
  '  |____| .__|_| |_|_| |_\__, | / / / /
 =========|_|==============|___/=/_/_/_/
 :: Spring Boot ::        (v2.1.7.RELEASE)

2021-10-27 02:29:47.666  INFO 33200 --- [    Test worker] c.m.b.s.web.indexControllerTest          : Starting indexControllerTest on johyeong-uui-MacBook-Pro.local with PID 33200 (started by johyungwoo in /Users/johyungwoo/IdeaProjects/make-mac-web)
2021-10-27 02:29:47.666  INFO 33200 --- [    Test worker] c.m.b.s.web.indexControllerTest          : The following profiles are active: oauth
2021-10-27 02:29:48.216  INFO 33200 --- [    Test worker] .s.d.r.c.RepositoryConfigurationDelegate : Bootstrapping Spring Data repositories in DEFAULT mode.
2021-10-27 02:29:48.311  INFO 33200 --- [    Test worker] .s.d.r.c.RepositoryConfigurationDelegate : Finished Spring Data repository scanning in 79ms. Found 2 repository interfaces.
2021-10-27 02:29:48.690  INFO 33200 --- [    Test worker] trationDelegate$BeanPostProcessorChecker : Bean 'org.springframework.transaction.annotation.ProxyTransactionManagementConfiguration' of type [org.springframework.transaction.annotation.ProxyTransactionManagementConfiguration$$EnhancerBySpringCGLIB$$57ccd8e8] is not eligible for getting processed by all BeanPostProcessors (for example: not eligible for auto-proxying)
2021-10-27 02:29:49.175  INFO 33200 --- [    Test worker] o.s.b.w.embedded.tomcat.TomcatWebServer  : Tomcat initialized with port(s): 0 (http)
2021-10-27 02:29:49.213  INFO 33200 --- [    Test worker] o.apache.catalina.core.StandardService   : Starting service [Tomcat]
2021-10-27 02:29:49.214  INFO 33200 --- [    Test worker] org.apache.catalina.core.StandardEngine  : Starting Servlet engine: [Apache Tomcat/9.0.22]
2021-10-27 02:29:49.488  INFO 33200 --- [    Test worker] o.a.c.c.C.[Tomcat].[localhost].[/]       : Initializing Spring embedded WebApplicationContext
2021-10-27 02:29:49.488  INFO 33200 --- [    Test worker] o.s.web.context.ContextLoader            : Root WebApplicationContext: initialization completed in 1818 ms
2021-10-27 02:29:50.138  INFO 33200 --- [    Test worker] com.zaxxer.hikari.HikariDataSource       : HikariPool-1 - Starting...
2021-10-27 02:29:50.529  INFO 33200 --- [    Test worker] com.zaxxer.hikari.HikariDataSource       : HikariPool-1 - Start completed.
2021-10-27 02:29:50.774  INFO 33200 --- [    Test worker] o.hibernate.jpa.internal.util.LogHelper  : HHH000204: Processing PersistenceUnitInfo [
	name: default
	...]
2021-10-27 02:29:50.928  INFO 33200 --- [    Test worker] org.hibernate.Version                    : HHH000412: Hibernate Core {5.3.10.Final}
2021-10-27 02:29:50.932  INFO 33200 --- [    Test worker] org.hibernate.cfg.Environment            : HHH000206: hibernate.properties not found
2021-10-27 02:29:51.038  INFO 33200 --- [    Test worker] o.hibernate.annotations.common.Version   : HCANN000001: Hibernate Commons Annotations {5.0.4.Final}
2021-10-27 02:29:51.439  INFO 33200 --- [    Test worker] org.hibernate.dialect.Dialect            : HHH000400: Using dialect: org.hibernate.dialect.MySQL5InnoDBDialect
Hibernate: drop table if exists posts
Hibernate: drop table if exists user
Hibernate: create table posts (id bigint not null auto_increment, created_date datetime, modified_date datetime, author varchar(255), content TEXT not null, title varchar(500) not null, primary key (id)) engine=InnoDB
Hibernate: create table user (id bigint not null auto_increment, created_date datetime, modified_date datetime, email varchar(255) not null, name varchar(255) not null, picture varchar(255), role varchar(255) not null, primary key (id)) engine=InnoDB
2021-10-27 02:29:53.151  INFO 33200 --- [    Test worker] o.h.t.schema.internal.SchemaCreatorImpl  : HHH000476: Executing import script 'org.hibernate.tool.schema.internal.exec.ScriptSourceInputNonExistentImpl@904fc94'
2021-10-27 02:29:53.160  INFO 33200 --- [    Test worker] j.LocalContainerEntityManagerFactoryBean : Initialized JPA EntityManagerFactory for persistence unit 'default'
2021-10-27 02:29:54.232  INFO 33200 --- [    Test worker] o.h.h.i.QueryTranslatorFactoryInitiator  : HHH000397: Using ASTQueryTranslatorFactory
2021-10-27 02:29:54.639  INFO 33200 --- [    Test worker] o.s.s.web.DefaultSecurityFilterChain     : Creating filter chain: any request, [org.springframework.security.web.context.request.async.WebAsyncManagerIntegrationFilter@20120f9d, org.springframework.security.web.context.SecurityContextPersistenceFilter@74af3b76, org.springframework.security.web.header.HeaderWriterFilter@5014a9b5, org.springframework.security.web.authentication.logout.LogoutFilter@9872ead, org.springframework.security.oauth2.client.web.OAuth2AuthorizationRequestRedirectFilter@5fa76dbe, org.springframework.security.oauth2.client.web.OAuth2LoginAuthenticationFilter@36c0a333, org.springframework.security.web.authentication.ui.DefaultLoginPageGeneratingFilter@4fed1cf, org.springframework.security.web.authentication.ui.DefaultLogoutPageGeneratingFilter@35fa6dc3, org.springframework.security.web.savedrequest.RequestCacheAwareFilter@2dbc8856, org.springframework.security.web.servletapi.SecurityContextHolderAwareRequestFilter@5810c555, org.springframework.security.web.authentication.AnonymousAuthenticationFilter@6108974, org.springframework.security.web.session.SessionManagementFilter@49b0535, org.springframework.security.web.access.ExceptionTranslationFilter@7af467c2, org.springframework.security.web.access.intercept.FilterSecurityInterceptor@67bef6a7]
2021-10-27 02:29:54.931  INFO 33200 --- [    Test worker] o.s.s.concurrent.ThreadPoolTaskExecutor  : Initializing ExecutorService 'applicationTaskExecutor'
2021-10-27 02:29:54.981  WARN 33200 --- [    Test worker] aWebConfiguration$JpaWebMvcConfiguration : spring.jpa.open-in-view is enabled by default. Therefore, database queries may be performed during view rendering. Explicitly configure spring.jpa.open-in-view to disable this warning
2021-10-27 02:29:55.019  INFO 33200 --- [    Test worker] o.s.b.a.w.s.WelcomePageHandlerMapping    : Adding welcome page template: index
2021-10-27 02:29:55.527  INFO 33200 --- [    Test worker] s.a.ScheduledAnnotationBeanPostProcessor : No TaskScheduler/ScheduledExecutorService bean found for scheduled processing
2021-10-27 02:29:55.581  INFO 33200 --- [    Test worker] o.s.b.w.embedded.tomcat.TomcatWebServer  : Tomcat started on port(s): 51338 (http) with context path ''
2021-10-27 02:29:55.584  INFO 33200 --- [    Test worker] c.m.b.s.web.indexControllerTest          : Started indexControllerTest in 7.973 seconds (JVM running for 13.427)
2021-10-27 02:29:55.842  INFO 33200 --- [o-auto-1-exec-1] o.a.c.c.C.[Tomcat].[localhost].[/]       : Initializing Spring DispatcherServlet 'dispatcherServlet'
2021-10-27 02:29:55.842  INFO 33200 --- [o-auto-1-exec-1] o.s.web.servlet.DispatcherServlet        : Initializing Servlet 'dispatcherServlet'
2021-10-27 02:29:55.867  INFO 33200 --- [o-auto-1-exec-1] o.s.web.servlet.DispatcherServlet        : Completed initialization in 24 ms
Hibernate: select posts0_.id as id1_0_, posts0_.created_date as created_2_0_, posts0_.modified_date as modified3_0_, posts0_.author as author4_0_, posts0_.content as content5_0_, posts0_.title as title6_0_ from posts posts0_ order by posts0_.id DESC
]]></system-out>
  <system-err><![CDATA[]]></system-err>
</testsuite>
